This is pdfTeX, Version 3.14159265-2.6-1.40.21 (TeX Live 2020/W32TeX) (preloaded format=pdflatex 2020.7.15)  15 JUL 2020 15:10
entering extended mode
 restricted \write18 enabled.
 %&-line parsing enabled.
**Articulo.tex
(./Articulo.tex
LaTeX2e <2020-02-02> patch level 5
L3 programming layer <2020-06-18> (./revcoles.cls
Document Class: revcoles 2009/04/22 v2.5 document class for multi authored arti
cle for REVCOLES journal, Symposium of statistic, projects of pregrade in stati
stic, and report in a course at the National University of Colombia
(c:/Users/Dell/AppData/Roaming/TinyTeX/texmf-dist/tex/latex/base/fontenc.sty
Package: fontenc 2020/02/11 v2.0o Standard LaTeX package
)
(c:/Users/Dell/AppData/Roaming/TinyTeX/texmf-dist/tex/latex/amsmath/amsmath.sty
Package: amsmath 2020/01/20 v2.17e AMS math features
\@mathmargin=\skip47
For additional information on amsmath, use the `?' option.

(c:/Users/Dell/AppData/Roaming/TinyTeX/texmf-dist/tex/latex/amsmath/amstext.sty
Package: amstext 2000/06/29 v2.01 AMS text
(c:/Users/Dell/AppData/Roaming/TinyTeX/texmf-dist/tex/latex/amsmath/amsgen.sty
File: amsgen.sty 1999/11/30 v2.0 generic functions
\@emptytoks=\toks15
\ex@=\dimen134
)) (c:/Users/Dell/AppData/Roaming/TinyTeX/texmf-dist/tex/latex/amsmath/amsbsy.s
ty
Package: amsbsy 1999/11/29 v1.2d Bold Symbols
\pmbraise@=\dimen135
) (c:/Users/Dell/AppData/Roaming/TinyTeX/texmf-dist/tex/latex/amsmath/amsopn.st
y
Package: amsopn 2016/03/08 v2.02 operator names
)
\inf@bad=\count167
LaTeX Info: Redefining \frac on input line 227.
\uproot@=\count168
\leftroot@=\count169
LaTeX Info: Redefining \overline on input line 389.
\classnum@=\count170
\DOTSCASE@=\count171
LaTeX Info: Redefining \ldots on input line 486.
LaTeX Info: Redefining \dots on input line 489.
LaTeX Info: Redefining \cdots on input line 610.
\Mathstrutbox@=\box45
\strutbox@=\box46
\big@size=\dimen136
LaTeX Font Info:    Redeclaring font encoding OML on input line 733.
LaTeX Font Info:    Redeclaring font encoding OMS on input line 734.
\macc@depth=\count172
\c@MaxMatrixCols=\count173
\dotsspace@=\muskip16
\c@parentequation=\count174
\dspbrk@lvl=\count175
\tag@help=\toks16
\row@=\count176
\column@=\count177
\maxfields@=\count178
\andhelp@=\toks17
\eqnshift@=\dimen137
\alignsep@=\dimen138
\tagshift@=\dimen139
\tagwidth@=\dimen140
\totwidth@=\dimen141
\lineht@=\dimen142
\@envbody=\toks18
\multlinegap=\skip48
\multlinetaggap=\skip49
\mathdisplay@stack=\toks19
LaTeX Info: Redefining \[ on input line 2859.
LaTeX Info: Redefining \] on input line 2860.
) (c:/Users/Dell/AppData/Roaming/TinyTeX/texmf-dist/tex/latex/amscls/amsthm.sty
Package: amsthm 2020/05/29 v2.20.6
\thm@style=\toks20
\thm@bodyfont=\toks21
\thm@headfont=\toks22
\thm@notefont=\toks23
\thm@headpunct=\toks24
\thm@preskip=\skip50
\thm@postskip=\skip51
\thm@headsep=\skip52
\dth@everypar=\toks25
)
(c:/Users/Dell/AppData/Roaming/TinyTeX/texmf-dist/tex/latex/amsfonts/amssymb.st
y
Package: amssymb 2013/01/14 v3.01 AMS font symbols

(c:/Users/Dell/AppData/Roaming/TinyTeX/texmf-dist/tex/latex/amsfonts/amsfonts.s
ty
Package: amsfonts 2013/01/14 v3.01 Basic AMSFonts support
\symAMSa=\mathgroup4
\symAMSb=\mathgroup5
LaTeX Font Info:    Redeclaring math symbol \hbar on input line 98.
LaTeX Font Info:    Overwriting math alphabet `\mathfrak' in version `bold'
(Font)                  U/euf/m/n --> U/euf/b/n on input line 106.
)) (c:/Users/Dell/AppData/Roaming/TinyTeX/texmf-dist/tex/latex/base/latexsym.st
y
Package: latexsym 1998/08/17 v2.2e Standard LaTeX package (lasy symbols)
\symlasy=\mathgroup6
LaTeX Font Info:    Overwriting symbol font `lasy' in version `bold'
(Font)                  U/lasy/m/n --> U/lasy/b/n on input line 52.
)
(c:/Users/Dell/AppData/Roaming/TinyTeX/texmf-dist/tex/latex/graphics/graphicx.s
ty
Package: graphicx 2019/11/30 v1.2a Enhanced LaTeX Graphics (DPC,SPQR)

(c:/Users/Dell/AppData/Roaming/TinyTeX/texmf-dist/tex/latex/graphics/keyval.sty
Package: keyval 2014/10/28 v1.15 key=value parser (DPC)
\KV@toks@=\toks26
)
(c:/Users/Dell/AppData/Roaming/TinyTeX/texmf-dist/tex/latex/graphics/graphics.s
ty
Package: graphics 2019/11/30 v1.4a Standard LaTeX Graphics (DPC,SPQR)
(c:/Users/Dell/AppData/Roaming/TinyTeX/texmf-dist/tex/latex/graphics/trig.sty
Package: trig 2016/01/03 v1.10 sin cos tan (DPC)
)
(c:/Users/Dell/AppData/Roaming/TinyTeX/texmf-dist/tex/latex/graphics-cfg/graphi
cs.cfg
File: graphics.cfg 2016/06/04 v1.11 sample graphics configuration
)
Package graphics Info: Driver file: pdftex.def on input line 105.

(c:/Users/Dell/AppData/Roaming/TinyTeX/texmf-dist/tex/latex/graphics-def/pdftex
.def
File: pdftex.def 2018/01/08 v1.0l Graphics/color driver for pdftex
))
\Gin@req@height=\dimen143
\Gin@req@width=\dimen144
) (c:/Users/Dell/AppData/Roaming/TinyTeX/texmf-dist/tex/latex/graphics/color.st
y
Package: color 2019/11/23 v1.2a Standard LaTeX Color (DPC)

(c:/Users/Dell/AppData/Roaming/TinyTeX/texmf-dist/tex/latex/graphics-cfg/color.
cfg
File: color.cfg 2016/01/02 v1.6 sample color configuration
)
Package color Info: Driver file: pdftex.def on input line 147.
) (c:/Users/Dell/AppData/Roaming/TinyTeX/texmf-dist/tex/latex/tools/verbatim.st
y
Package: verbatim 2019/11/10 v1.5r LaTeX2e package for verbatim enhancements
\every@verbatim=\toks27
\verbatim@line=\toks28
\verbatim@in@stream=\read2
)
(c:/Users/Dell/AppData/Roaming/TinyTeX/texmf-dist/tex/latex/tools/enumerate.sty
Package: enumerate 2015/07/23 v3.00 enumerate extensions (DPC)
\@enLab=\toks29
) (c:/Users/Dell/AppData/Roaming/TinyTeX/texmf-dist/tex/latex/tools/array.sty
Package: array 2019/08/31 v2.4l Tabular extension package (FMi)
\col@sep=\dimen145
\ar@mcellbox=\box47
\extrarowheight=\dimen146
\NC@list=\toks30
\extratabsurround=\skip53
\backup@length=\skip54
\ar@cellbox=\box48
) (c:/Users/Dell/AppData/Roaming/TinyTeX/texmf-dist/tex/latex/tools/multicol.st
y
Package: multicol 2019/12/09 v1.8y multicolumn formatting (FMi)
\c@tracingmulticols=\count179
\mult@box=\box49
\multicol@leftmargin=\dimen147
\c@unbalance=\count180
\c@collectmore=\count181
\doublecol@number=\count182
\multicoltolerance=\count183
\multicolpretolerance=\count184
\full@width=\dimen148
\page@free=\dimen149
\premulticols=\dimen150
\postmulticols=\dimen151
\multicolsep=\skip55
\multicolbaselineskip=\skip56
\partial@page=\box50
\last@line=\box51
\maxbalancingoverflow=\dimen152
\mult@rightbox=\box52
\mult@grightbox=\box53
\mult@gfirstbox=\box54
\mult@firstbox=\box55
\@tempa=\box56
\@tempa=\box57
\@tempa=\box58
\@tempa=\box59
\@tempa=\box60
\@tempa=\box61
\@tempa=\box62
\@tempa=\box63
\@tempa=\box64
\@tempa=\box65
\@tempa=\box66
\@tempa=\box67
\@tempa=\box68
\@tempa=\box69
\@tempa=\box70
\@tempa=\box71
\@tempa=\box72
\@tempa=\box73
\@tempa=\box74
\@tempa=\box75
\@tempa=\box76
\@tempa=\box77
\@tempa=\box78
\@tempa=\box79
\@tempa=\box80
\@tempa=\box81
\@tempa=\box82
\@tempa=\box83
\@tempa=\box84
\@tempa=\box85
\@tempa=\box86
\@tempa=\box87
\@tempa=\box88
\@tempa=\box89
\@tempa=\box90
\@tempa=\box91
\@tempa=\box92
\c@minrows=\count185
\c@columnbadness=\count186
\c@finalcolumnbadness=\count187
\last@try=\dimen153
\multicolovershoot=\dimen154
\multicolundershoot=\dimen155
\mult@nat@firstbox=\box93
\colbreak@box=\box94
\mc@col@check@num=\count188
)
\c@@symposium=\count189
\c@@instnumber=\count190
\c@@inst=\count191
\c@@last=\count192
\c@@author=\count193
\c@prop=\count194
\c@teor=\count195
\c@coro=\count196
\c@lema=\count197
\c@resu=\count198
\c@defi=\count199
\c@exam=\count266
\c@exams=\count267
\c@exer=\count268
\c@exers=\count269
\c@note=\count270
\c@nota=\count271
\c@obse=\count272
\c@cond=\count273
(c:/Users/Dell/AppData/Roaming/TinyTeX/texmf-dist/tex/latex/base/size10.clo
File: size10.clo 2019/12/20 v1.4l Standard LaTeX file (size option)
) (c:/Users/Dell/AppData/Roaming/TinyTeX/texmf-dist/tex/generic/babel/babel.sty
Package: babel 2020/07/13 3.47 The Babel package
(c:/Users/Dell/AppData/Roaming/TinyTeX/texmf-dist/tex/generic/babel/babel.def
File: babel.def 2020/07/13 3.47 Babel common definitions
\babel@savecnt=\count274
\U@D=\dimen156
\l@babelnohyphens=\language6

(c:/Users/Dell/AppData/Roaming/TinyTeX/texmf-dist/tex/generic/babel/txtbabel.de
f)
\bbl@readstream=\read3
)
\bbl@dirlevel=\count275

(c:/Users/Dell/AppData/Roaming/TinyTeX/texmf-dist/tex/generic/babel-english/eng
lish.ldf
Language: english 2017/06/06 v3.3r English support from the babel system
Package babel Info: \l@british = using hyphenrules for english
(babel)             (\language0) on input line 82.
Package babel Info: \l@UKenglish = using hyphenrules for english
(babel)             (\language0) on input line 83.
Package babel Info: \l@canadian = using hyphenrules for english
(babel)             (\language0) on input line 102.
Package babel Info: \l@australian = using hyphenrules for english
(babel)             (\language0) on input line 105.
Package babel Info: \l@newzealand = using hyphenrules for english
(babel)             (\language0) on input line 108.
))
\c@section=\count276
\c@subsection=\count277
\c@subsubsection=\count278
\c@paragraph=\count279
\c@subparagraph=\count280
\c@figure=\count281
\c@table=\count282
\abovecaptionskip=\skip57
\belowcaptionskip=\skip58
\bibindent=\dimen157

(c:/Users/Dell/AppData/Roaming/TinyTeX/texmf-dist/tex/latex/caption/caption2.st
y
Package: caption2 2020/01/02 v2.2e Customising captions (AR)

Package caption2 Warning: ****************************************************
(caption2)                THIS PACKAGE IS OBSOLETE:
(caption2)                This package attempts to provide an `caption2'
(caption2)                package v2.0/2.1 author environment so that OLD
(caption2)                documents can be successfully processed. It should
(caption2)                NOT be used for NEW documents! New documents should
(caption2)                use the regular `caption' package v3.x instead.
(caption2)                ****************************************************


(c:/Users/Dell/AppData/Roaming/TinyTeX/texmf-dist/tex/latex/caption/caption3.st
y
Package: caption3 2020/05/30 v1.12 caption3 kernel (AR)
Package caption3 Info: TeX engine: e-TeX on input line 61.
\captionmargin=\dimen158
\captionmargin@=\dimen159
\captionwidth=\dimen160
\caption@tempdima=\dimen161
\caption@indent=\dimen162
\caption@parindent=\dimen163
\caption@hangindent=\dimen164
Package caption Info: Standard document class detected.
)
Package caption2 Info: Running in caption2 v2.0 compatibility mode on input lin
e 220.
\captionlinewidth=\dimen165
\realcaptionwidth=\dimen166
)
(c:/Users/Dell/AppData/Roaming/TinyTeX/texmf-dist/tex/latex/harvard/harvard.sty
Package: harvard 
(c:/Users/Dell/AppData/Roaming/TinyTeX/texmf-dist/tex/latex/base/ifthen.sty
Package: ifthen 2014/09/29 v1.1c Standard LaTeX ifthen package (DPC)
))) (c:/Users/Dell/AppData/Roaming/TinyTeX/texmf-dist/tex/latex/lm/lmodern.sty
Package: lmodern 2009/10/30 v1.6 Latin Modern Fonts
LaTeX Font Info:    Overwriting symbol font `operators' in version `normal'
(Font)                  OT1/cmr/m/n --> OT1/lmr/m/n on input line 22.
LaTeX Font Info:    Overwriting symbol font `letters' in version `normal'
(Font)                  OML/cmm/m/it --> OML/lmm/m/it on input line 23.
LaTeX Font Info:    Overwriting symbol font `symbols' in version `normal'
(Font)                  OMS/cmsy/m/n --> OMS/lmsy/m/n on input line 24.
LaTeX Font Info:    Overwriting symbol font `largesymbols' in version `normal'
(Font)                  OMX/cmex/m/n --> OMX/lmex/m/n on input line 25.
LaTeX Font Info:    Overwriting symbol font `operators' in version `bold'
(Font)                  OT1/cmr/bx/n --> OT1/lmr/bx/n on input line 26.
LaTeX Font Info:    Overwriting symbol font `letters' in version `bold'
(Font)                  OML/cmm/b/it --> OML/lmm/b/it on input line 27.
LaTeX Font Info:    Overwriting symbol font `symbols' in version `bold'
(Font)                  OMS/cmsy/b/n --> OMS/lmsy/b/n on input line 28.
LaTeX Font Info:    Overwriting symbol font `largesymbols' in version `bold'
(Font)                  OMX/cmex/m/n --> OMX/lmex/m/n on input line 29.
LaTeX Font Info:    Overwriting math alphabet `\mathbf' in version `normal'
(Font)                  OT1/cmr/bx/n --> OT1/lmr/bx/n on input line 31.
LaTeX Font Info:    Overwriting math alphabet `\mathsf' in version `normal'
(Font)                  OT1/cmss/m/n --> OT1/lmss/m/n on input line 32.
LaTeX Font Info:    Overwriting math alphabet `\mathit' in version `normal'
(Font)                  OT1/cmr/m/it --> OT1/lmr/m/it on input line 33.
LaTeX Font Info:    Overwriting math alphabet `\mathtt' in version `normal'
(Font)                  OT1/cmtt/m/n --> OT1/lmtt/m/n on input line 34.
LaTeX Font Info:    Overwriting math alphabet `\mathbf' in version `bold'
(Font)                  OT1/cmr/bx/n --> OT1/lmr/bx/n on input line 35.
LaTeX Font Info:    Overwriting math alphabet `\mathsf' in version `bold'
(Font)                  OT1/cmss/bx/n --> OT1/lmss/bx/n on input line 36.
LaTeX Font Info:    Overwriting math alphabet `\mathit' in version `bold'
(Font)                  OT1/cmr/bx/it --> OT1/lmr/bx/it on input line 37.
LaTeX Font Info:    Overwriting math alphabet `\mathtt' in version `bold'
(Font)                  OT1/cmtt/m/n --> OT1/lmtt/m/n on input line 38.
)
(c:/Users/Dell/AppData/Roaming/TinyTeX/texmf-dist/tex/generic/iftex/ifxetex.sty
Package: ifxetex 2019/10/25 v0.7 ifxetex legacy package. Use iftex instead.
(c:/Users/Dell/AppData/Roaming/TinyTeX/texmf-dist/tex/generic/iftex/iftex.sty
Package: iftex 2020/03/06 v1.0d TeX engine tests
))
(c:/Users/Dell/AppData/Roaming/TinyTeX/texmf-dist/tex/generic/iftex/ifluatex.st
y
Package: ifluatex 2019/10/25 v1.5 ifluatex legacy package. Use iftex instead.
) (c:/Users/Dell/AppData/Roaming/TinyTeX/texmf-dist/tex/latex/base/fontenc.sty
Package: fontenc 2020/02/11 v2.0o Standard LaTeX package
LaTeX Font Info:    Trying to load font information for T1+lmr on input line 11
2.
(c:/Users/Dell/AppData/Roaming/TinyTeX/texmf-dist/tex/latex/lm/t1lmr.fd
File: t1lmr.fd 2009/10/30 v1.6 Font defs for Latin Modern
)) (c:/Users/Dell/AppData/Roaming/TinyTeX/texmf-dist/tex/latex/base/inputenc.st
y
Package: inputenc 2018/08/11 v1.3c Input encoding file
\inpenc@prehook=\toks31
\inpenc@posthook=\toks32
) (c:/Users/Dell/AppData/Roaming/TinyTeX/texmf-dist/tex/latex/base/textcomp.sty
Package: textcomp 2020/02/02 v2.0n Standard LaTeX package
)
(c:/Users/Dell/AppData/Roaming/TinyTeX/texmf-dist/tex/latex/upquote/upquote.sty
Package: upquote 2012/04/19 v1.3 upright-quote and grave-accent glyphs in verba
tim
)
(c:/Users/Dell/AppData/Roaming/TinyTeX/texmf-dist/tex/latex/parskip/parskip.sty
Package: parskip 2020-06-15 v2.0f non-zero parskip adjustments

(c:/Users/Dell/AppData/Roaming/TinyTeX/texmf-dist/tex/latex/kvoptions/kvoptions
.sty
Package: kvoptions 2019/11/29 v3.13 Key value format for package options (HO)

(c:/Users/Dell/AppData/Roaming/TinyTeX/texmf-dist/tex/generic/ltxcmds/ltxcmds.s
ty
Package: ltxcmds 2019/12/15 v1.24 LaTeX kernel commands for general use (HO)
)
(c:/Users/Dell/AppData/Roaming/TinyTeX/texmf-dist/tex/generic/kvsetkeys/kvsetke
ys.sty
Package: kvsetkeys 2019/12/15 v1.18 Key value parser (HO)
))
(c:/Users/Dell/AppData/Roaming/TinyTeX/texmf-dist/tex/latex/etoolbox/etoolbox.s
ty
Package: etoolbox 2019/09/21 v2.5h e-TeX tools for LaTeX (JAW)
\etb@tempcnta=\count283
)) (c:/Users/Dell/AppData/Roaming/TinyTeX/texmf-dist/tex/latex/xcolor/xcolor.st
y
Package: xcolor 2016/05/11 v2.12 LaTeX color extensions (UK)

(c:/Users/Dell/AppData/Roaming/TinyTeX/texmf-dist/tex/latex/graphics-cfg/color.
cfg
File: color.cfg 2016/01/02 v1.6 sample color configuration
)
Package xcolor Info: Driver file: pdftex.def on input line 225.
LaTeX Info: Redefining \color on input line 709.
Package xcolor Info: Model `cmy' substituted by `cmy0' on input line 1348.
Package xcolor Info: Model `hsb' substituted by `rgb' on input line 1352.
Package xcolor Info: Model `RGB' extended on input line 1364.
Package xcolor Info: Model `HTML' substituted by `rgb' on input line 1366.
Package xcolor Info: Model `Hsb' substituted by `hsb' on input line 1367.
Package xcolor Info: Model `tHsb' substituted by `hsb' on input line 1368.
Package xcolor Info: Model `HSB' substituted by `hsb' on input line 1369.
Package xcolor Info: Model `Gray' substituted by `gray' on input line 1370.
Package xcolor Info: Model `wave' substituted by `hsb' on input line 1371.

(c:/Users/Dell/AppData/Roaming/TinyTeX/texmf-dist/tex/latex/graphics/dvipsnam.d
ef
File: dvipsnam.def 2016/06/17 v3.0m Driver-dependent file (DPC,SPQR)
) (c:/Users/Dell/AppData/Roaming/TinyTeX/texmf-dist/tex/latex/xcolor/svgnam.def
File: svgnam.def 2016/05/11 v2.12 Predefined colors according to SVG 1.1 (UK)
) (c:/Users/Dell/AppData/Roaming/TinyTeX/texmf-dist/tex/latex/xcolor/x11nam.def
File: x11nam.def 2016/05/11 v2.12 Predefined colors according to Unix/X11 (UK)
))
(c:/Users/Dell/AppData/Roaming/TinyTeX/texmf-dist/tex/latex/hyperref/hyperref.s
ty
Package: hyperref 2020-05-15 v7.00e Hypertext links for LaTeX

(c:/Users/Dell/AppData/Roaming/TinyTeX/texmf-dist/tex/generic/pdftexcmds/pdftex
cmds.sty
Package: pdftexcmds 2020-06-27 v0.33 Utility functions of pdfTeX for LuaTeX (HO
)

(c:/Users/Dell/AppData/Roaming/TinyTeX/texmf-dist/tex/generic/infwarerr/infware
rr.sty
Package: infwarerr 2019/12/03 v1.5 Providing info/warning/error messages (HO)
)
Package pdftexcmds Info: \pdf@primitive is available.
Package pdftexcmds Info: \pdf@ifprimitive is available.
Package pdftexcmds Info: \pdfdraftmode found.
)
(c:/Users/Dell/AppData/Roaming/TinyTeX/texmf-dist/tex/generic/kvdefinekeys/kvde
finekeys.sty
Package: kvdefinekeys 2019-12-19 v1.6 Define keys (HO)
)
(c:/Users/Dell/AppData/Roaming/TinyTeX/texmf-dist/tex/generic/pdfescape/pdfesca
pe.sty
Package: pdfescape 2019/12/09 v1.15 Implements pdfTeX's escape features (HO)
)
(c:/Users/Dell/AppData/Roaming/TinyTeX/texmf-dist/tex/latex/hycolor/hycolor.sty
Package: hycolor 2020-01-27 v1.10 Color options for hyperref/bookmark (HO)
)
(c:/Users/Dell/AppData/Roaming/TinyTeX/texmf-dist/tex/latex/letltxmacro/letltxm
acro.sty
Package: letltxmacro 2019/12/03 v1.6 Let assignment for LaTeX macros (HO)
)
(c:/Users/Dell/AppData/Roaming/TinyTeX/texmf-dist/tex/latex/auxhook/auxhook.sty
Package: auxhook 2019-12-17 v1.6 Hooks for auxiliary files (HO)
)
\@linkdim=\dimen167
\Hy@linkcounter=\count284
\Hy@pagecounter=\count285

(c:/Users/Dell/AppData/Roaming/TinyTeX/texmf-dist/tex/latex/hyperref/pd1enc.def
File: pd1enc.def 2020-05-15 v7.00e Hyperref: PDFDocEncoding definition (HO)
Now handling font encoding PD1 ...
... no UTF-8 mapping file for font encoding PD1
)
(c:/Users/Dell/AppData/Roaming/TinyTeX/texmf-dist/tex/generic/intcalc/intcalc.s
ty
Package: intcalc 2019/12/15 v1.3 Expandable calculations with integers (HO)
)
(c:/Users/Dell/AppData/Roaming/TinyTeX/texmf-dist/tex/generic/etexcmds/etexcmds
.sty
Package: etexcmds 2019/12/15 v1.7 Avoid name clashes with e-TeX commands (HO)
)
\Hy@SavedSpaceFactor=\count286
Package hyperref Info: Option `unicode' set `true' on input line 4338.
(c:/Users/Dell/AppData/Roaming/TinyTeX/texmf-dist/tex/latex/hyperref/puenc.def
File: puenc.def 2020-05-15 v7.00e Hyperref: PDF Unicode definition (HO)
Now handling font encoding PU ...
... no UTF-8 mapping file for font encoding PU
)
Package hyperref Info: Hyper figures OFF on input line 4464.
Package hyperref Info: Link nesting OFF on input line 4469.
Package hyperref Info: Hyper index ON on input line 4472.
Package hyperref Info: Plain pages OFF on input line 4479.
Package hyperref Info: Backreferencing OFF on input line 4484.
Package hyperref Info: Implicit mode ON; LaTeX internals redefined.
Package hyperref Info: Bookmarks ON on input line 4717.
\c@Hy@tempcnt=\count287
(c:/Users/Dell/AppData/Roaming/TinyTeX/texmf-dist/tex/latex/url/url.sty
\Urlmuskip=\muskip17
Package: url 2013/09/16  ver 3.4  Verb mode for urls, etc.
)
LaTeX Info: Redefining \url on input line 5076.
\XeTeXLinkMargin=\dimen168

(c:/Users/Dell/AppData/Roaming/TinyTeX/texmf-dist/tex/generic/bitset/bitset.sty
Package: bitset 2019/12/09 v1.3 Handle bit-vector datatype (HO)

(c:/Users/Dell/AppData/Roaming/TinyTeX/texmf-dist/tex/generic/bigintcalc/bigint
calc.sty
Package: bigintcalc 2019/12/15 v1.5 Expandable calculations on big integers (HO
)
))
\Fld@menulength=\count288
\Field@Width=\dimen169
\Fld@charsize=\dimen170
Package hyperref Info: Hyper figures OFF on input line 6347.
Package hyperref Info: Link nesting OFF on input line 6352.
Package hyperref Info: Hyper index ON on input line 6355.
Package hyperref Info: backreferencing OFF on input line 6362.
Package hyperref Info: Link coloring OFF on input line 6367.
Package hyperref Info: Link coloring with OCG OFF on input line 6372.
Package hyperref Info: PDF/A mode OFF on input line 6377.
LaTeX Info: Redefining \ref on input line 6417.
LaTeX Info: Redefining \pageref on input line 6421.

(c:/Users/Dell/AppData/Roaming/TinyTeX/texmf-dist/tex/generic/atbegshi/atbegshi
.sty
Package: atbegshi 2019/12/05 v1.19 At begin shipout hook (HO)
)
\Hy@abspage=\count289
\c@Item=\count290
\c@Hfootnote=\count291
)
Package hyperref Info: Driver (autodetected): hpdftex.

(c:/Users/Dell/AppData/Roaming/TinyTeX/texmf-dist/tex/latex/hyperref/hpdftex.de
f
File: hpdftex.def 2020-05-15 v7.00e Hyperref driver for pdfTeX

(c:/Users/Dell/AppData/Roaming/TinyTeX/texmf-dist/tex/latex/atveryend/atveryend
.sty
Package: atveryend 2019-12-11 v1.11 Hooks at the very end of document (HO)
)
\Fld@listcount=\count292
\c@bookmark@seq@number=\count293

(c:/Users/Dell/AppData/Roaming/TinyTeX/texmf-dist/tex/latex/rerunfilecheck/reru
nfilecheck.sty
Package: rerunfilecheck 2019/12/05 v1.9 Rerun checks for auxiliary files (HO)

(c:/Users/Dell/AppData/Roaming/TinyTeX/texmf-dist/tex/generic/uniquecounter/uni
quecounter.sty
Package: uniquecounter 2019/12/15 v1.4 Provide unlimited unique counter (HO)
)
Package uniquecounter Info: New unique counter `rerunfilecheck' on input line 2
86.
)
\Hy@SectionHShift=\skip59
)
Package hyperref Info: Option `colorlinks' set `true' on input line 45.

(c:/Users/Dell/AppData/Roaming/TinyTeX/texmf-dist/tex/latex/tocloft/tocloft.sty
Package: tocloft 2017/08/31 v2.3i parameterised ToC, etc., typesetting
Package tocloft Info: The document has section divisions on input line 51.
\cftparskip=\skip60
\cftbeforetoctitleskip=\skip61
\cftaftertoctitleskip=\skip62
\cftbeforesecskip=\skip63
\cftsecindent=\skip64
\cftsecnumwidth=\skip65
\cftbeforesubsecskip=\skip66
\cftsubsecindent=\skip67
\cftsubsecnumwidth=\skip68
\cftbeforesubsubsecskip=\skip69
\cftsubsubsecindent=\skip70
\cftsubsubsecnumwidth=\skip71
\cftbeforeparaskip=\skip72
\cftparaindent=\skip73
\cftparanumwidth=\skip74
\cftbeforesubparaskip=\skip75
\cftsubparaindent=\skip76
\cftsubparanumwidth=\skip77
\cftbeforeloftitleskip=\skip78
\cftafterloftitleskip=\skip79
\cftbeforefigskip=\skip80
\cftfigindent=\skip81
\cftfignumwidth=\skip82
\c@lofdepth=\count294
\c@lotdepth=\count295
\cftbeforelottitleskip=\skip83
\cftafterlottitleskip=\skip84
\cftbeforetabskip=\skip85
\cfttabindent=\skip86
\cfttabnumwidth=\skip87

Package tocloft Warning: \@starttoc has already been redefined; tocloft bailing
 out. on input line 1156.

)
(c:/Users/Dell/AppData/Roaming/TinyTeX/texmf-dist/tex/latex/titlesec/titlesec.s
ty
Package: titlesec 2019/10/16 v2.13 Sectioning titles
\ttl@box=\box95
\beforetitleunit=\skip88
\aftertitleunit=\skip89
\ttl@plus=\dimen171
\ttl@minus=\dimen172
\ttl@toksa=\toks33
\titlewidth=\dimen173
\titlewidthlast=\dimen174
\titlewidthfirst=\dimen175
)
(c:/Users/Dell/AppData/Roaming/TinyTeX/texmf-dist/tex/latex/scalerel/scalerel.s
ty
Package: scalerel 2016/12/29 v1.8 Routines for constrained scaling and stretchi
ng of objects, relative to a reference object or in absolute terms
(c:/Users/Dell/AppData/Roaming/TinyTeX/texmf-dist/tex/latex/tools/calc.sty
Package: calc 2017/05/25 v4.3 Infix arithmetic (KKT,FJ)
\calc@Acount=\count296
\calc@Bcount=\count297
\calc@Adimen=\dimen176
\calc@Bdimen=\dimen177
\calc@Askip=\skip90
\calc@Bskip=\skip91
LaTeX Info: Redefining \setlength on input line 80.
LaTeX Info: Redefining \addtolength on input line 81.
\calc@Ccount=\count298
\calc@Cskip=\skip92
)
\thesrwidth=\skip93
\thesrheight=\skip94
\srblobheight=\skip95
\srblobdepth=\skip96
\mnxsrwidth=\skip97
\LMex=\skip98
\LMpt=\skip99
)
(c:/Users/Dell/AppData/Roaming/TinyTeX/texmf-dist/tex/latex/pgf/frontendlayer/t
ikz.sty
(c:/Users/Dell/AppData/Roaming/TinyTeX/texmf-dist/tex/latex/pgf/basiclayer/pgf.
sty
(c:/Users/Dell/AppData/Roaming/TinyTeX/texmf-dist/tex/latex/pgf/utilities/pgfrc
s.sty
(c:/Users/Dell/AppData/Roaming/TinyTeX/texmf-dist/tex/generic/pgf/utilities/pgf
util-common.tex
\pgfutil@everybye=\toks34
\pgfutil@tempdima=\dimen178
\pgfutil@tempdimb=\dimen179

(c:/Users/Dell/AppData/Roaming/TinyTeX/texmf-dist/tex/generic/pgf/utilities/pgf
util-common-lists.tex))
(c:/Users/Dell/AppData/Roaming/TinyTeX/texmf-dist/tex/generic/pgf/utilities/pgf
util-latex.def
\pgfutil@abb=\box96
(c:/Users/Dell/AppData/Roaming/TinyTeX/texmf-dist/tex/latex/ms/everyshi.sty
Package: everyshi 2001/05/15 v3.00 EveryShipout Package (MS)
))
(c:/Users/Dell/AppData/Roaming/TinyTeX/texmf-dist/tex/generic/pgf/utilities/pgf
rcs.code.tex
(c:/Users/Dell/AppData/Roaming/TinyTeX/texmf-dist/tex/generic/pgf/pgf.revision.
tex)
Package: pgfrcs 2020/01/08 v3.1.5b (3.1.5b)
))
Package: pgf 2020/01/08 v3.1.5b (3.1.5b)

(c:/Users/Dell/AppData/Roaming/TinyTeX/texmf-dist/tex/latex/pgf/basiclayer/pgfc
ore.sty
(c:/Users/Dell/AppData/Roaming/TinyTeX/texmf-dist/tex/latex/pgf/systemlayer/pgf
sys.sty
(c:/Users/Dell/AppData/Roaming/TinyTeX/texmf-dist/tex/generic/pgf/systemlayer/p
gfsys.code.tex
Package: pgfsys 2020/01/08 v3.1.5b (3.1.5b)

(c:/Users/Dell/AppData/Roaming/TinyTeX/texmf-dist/tex/generic/pgf/utilities/pgf
keys.code.tex
\pgfkeys@pathtoks=\toks35
\pgfkeys@temptoks=\toks36

(c:/Users/Dell/AppData/Roaming/TinyTeX/texmf-dist/tex/generic/pgf/utilities/pgf
keysfiltered.code.tex
\pgfkeys@tmptoks=\toks37
))
\pgf@x=\dimen180
\pgf@y=\dimen181
\pgf@xa=\dimen182
\pgf@ya=\dimen183
\pgf@xb=\dimen184
\pgf@yb=\dimen185
\pgf@xc=\dimen186
\pgf@yc=\dimen187
\pgf@xd=\dimen188
\pgf@yd=\dimen189
\w@pgf@writea=\write3
\r@pgf@reada=\read4
\c@pgf@counta=\count299
\c@pgf@countb=\count300
\c@pgf@countc=\count301
\c@pgf@countd=\count302
\t@pgf@toka=\toks38
\t@pgf@tokb=\toks39
\t@pgf@tokc=\toks40
\pgf@sys@id@count=\count303

(c:/Users/Dell/AppData/Roaming/TinyTeX/texmf-dist/tex/generic/pgf/systemlayer/p
gf.cfg
File: pgf.cfg 2020/01/08 v3.1.5b (3.1.5b)
)
Driver file for pgf: pgfsys-pdftex.def

(c:/Users/Dell/AppData/Roaming/TinyTeX/texmf-dist/tex/generic/pgf/systemlayer/p
gfsys-pdftex.def
File: pgfsys-pdftex.def 2020/01/08 v3.1.5b (3.1.5b)

(c:/Users/Dell/AppData/Roaming/TinyTeX/texmf-dist/tex/generic/pgf/systemlayer/p
gfsys-common-pdf.def
File: pgfsys-common-pdf.def 2020/01/08 v3.1.5b (3.1.5b)
)))
(c:/Users/Dell/AppData/Roaming/TinyTeX/texmf-dist/tex/generic/pgf/systemlayer/p
gfsyssoftpath.code.tex
File: pgfsyssoftpath.code.tex 2020/01/08 v3.1.5b (3.1.5b)
\pgfsyssoftpath@smallbuffer@items=\count304
\pgfsyssoftpath@bigbuffer@items=\count305
)
(c:/Users/Dell/AppData/Roaming/TinyTeX/texmf-dist/tex/generic/pgf/systemlayer/p
gfsysprotocol.code.tex
File: pgfsysprotocol.code.tex 2020/01/08 v3.1.5b (3.1.5b)
))
(c:/Users/Dell/AppData/Roaming/TinyTeX/texmf-dist/tex/generic/pgf/basiclayer/pg
fcore.code.tex
Package: pgfcore 2020/01/08 v3.1.5b (3.1.5b)

(c:/Users/Dell/AppData/Roaming/TinyTeX/texmf-dist/tex/generic/pgf/math/pgfmath.
code.tex
(c:/Users/Dell/AppData/Roaming/TinyTeX/texmf-dist/tex/generic/pgf/math/pgfmathc
alc.code.tex
(c:/Users/Dell/AppData/Roaming/TinyTeX/texmf-dist/tex/generic/pgf/math/pgfmathu
til.code.tex)
(c:/Users/Dell/AppData/Roaming/TinyTeX/texmf-dist/tex/generic/pgf/math/pgfmathp
arser.code.tex
\pgfmath@dimen=\dimen190
\pgfmath@count=\count306
\pgfmath@box=\box97
\pgfmath@toks=\toks41
\pgfmath@stack@operand=\toks42
\pgfmath@stack@operation=\toks43
)
(c:/Users/Dell/AppData/Roaming/TinyTeX/texmf-dist/tex/generic/pgf/math/pgfmathf
unctions.code.tex
(c:/Users/Dell/AppData/Roaming/TinyTeX/texmf-dist/tex/generic/pgf/math/pgfmathf
unctions.basic.code.tex)
(c:/Users/Dell/AppData/Roaming/TinyTeX/texmf-dist/tex/generic/pgf/math/pgfmathf
unctions.trigonometric.code.tex)
(c:/Users/Dell/AppData/Roaming/TinyTeX/texmf-dist/tex/generic/pgf/math/pgfmathf
unctions.random.code.tex)
(c:/Users/Dell/AppData/Roaming/TinyTeX/texmf-dist/tex/generic/pgf/math/pgfmathf
unctions.comparison.code.tex)
(c:/Users/Dell/AppData/Roaming/TinyTeX/texmf-dist/tex/generic/pgf/math/pgfmathf
unctions.base.code.tex)
(c:/Users/Dell/AppData/Roaming/TinyTeX/texmf-dist/tex/generic/pgf/math/pgfmathf
unctions.round.code.tex)
(c:/Users/Dell/AppData/Roaming/TinyTeX/texmf-dist/tex/generic/pgf/math/pgfmathf
unctions.misc.code.tex)
(c:/Users/Dell/AppData/Roaming/TinyTeX/texmf-dist/tex/generic/pgf/math/pgfmathf
unctions.integerarithmetics.code.tex)))
(c:/Users/Dell/AppData/Roaming/TinyTeX/texmf-dist/tex/generic/pgf/math/pgfmathf
loat.code.tex
\c@pgfmathroundto@lastzeros=\count307
))
(c:/Users/Dell/AppData/Roaming/TinyTeX/texmf-dist/tex/generic/pgf/math/pgfint.c
ode.tex)
(c:/Users/Dell/AppData/Roaming/TinyTeX/texmf-dist/tex/generic/pgf/basiclayer/pg
fcorepoints.code.tex
File: pgfcorepoints.code.tex 2020/01/08 v3.1.5b (3.1.5b)
\pgf@picminx=\dimen191
\pgf@picmaxx=\dimen192
\pgf@picminy=\dimen193
\pgf@picmaxy=\dimen194
\pgf@pathminx=\dimen195
\pgf@pathmaxx=\dimen196
\pgf@pathminy=\dimen197
\pgf@pathmaxy=\dimen198
\pgf@xx=\dimen199
\pgf@xy=\dimen256
\pgf@yx=\dimen257
\pgf@yy=\dimen258
\pgf@zx=\dimen259
\pgf@zy=\dimen260
)
(c:/Users/Dell/AppData/Roaming/TinyTeX/texmf-dist/tex/generic/pgf/basiclayer/pg
fcorepathconstruct.code.tex
File: pgfcorepathconstruct.code.tex 2020/01/08 v3.1.5b (3.1.5b)
\pgf@path@lastx=\dimen261
\pgf@path@lasty=\dimen262
)
(c:/Users/Dell/AppData/Roaming/TinyTeX/texmf-dist/tex/generic/pgf/basiclayer/pg
fcorepathusage.code.tex
File: pgfcorepathusage.code.tex 2020/01/08 v3.1.5b (3.1.5b)
\pgf@shorten@end@additional=\dimen263
\pgf@shorten@start@additional=\dimen264
)
(c:/Users/Dell/AppData/Roaming/TinyTeX/texmf-dist/tex/generic/pgf/basiclayer/pg
fcorescopes.code.tex
File: pgfcorescopes.code.tex 2020/01/08 v3.1.5b (3.1.5b)
\pgfpic=\box98
\pgf@hbox=\box99
\pgf@layerbox@main=\box100
\pgf@picture@serial@count=\count308
)
(c:/Users/Dell/AppData/Roaming/TinyTeX/texmf-dist/tex/generic/pgf/basiclayer/pg
fcoregraphicstate.code.tex
File: pgfcoregraphicstate.code.tex 2020/01/08 v3.1.5b (3.1.5b)
\pgflinewidth=\dimen265
)
(c:/Users/Dell/AppData/Roaming/TinyTeX/texmf-dist/tex/generic/pgf/basiclayer/pg
fcoretransformations.code.tex
File: pgfcoretransformations.code.tex 2020/01/08 v3.1.5b (3.1.5b)
\pgf@pt@x=\dimen266
\pgf@pt@y=\dimen267
\pgf@pt@temp=\dimen268
)
(c:/Users/Dell/AppData/Roaming/TinyTeX/texmf-dist/tex/generic/pgf/basiclayer/pg
fcorequick.code.tex
File: pgfcorequick.code.tex 2020/01/08 v3.1.5b (3.1.5b)
)
(c:/Users/Dell/AppData/Roaming/TinyTeX/texmf-dist/tex/generic/pgf/basiclayer/pg
fcoreobjects.code.tex
File: pgfcoreobjects.code.tex 2020/01/08 v3.1.5b (3.1.5b)
)
(c:/Users/Dell/AppData/Roaming/TinyTeX/texmf-dist/tex/generic/pgf/basiclayer/pg
fcorepathprocessing.code.tex
File: pgfcorepathprocessing.code.tex 2020/01/08 v3.1.5b (3.1.5b)
)
(c:/Users/Dell/AppData/Roaming/TinyTeX/texmf-dist/tex/generic/pgf/basiclayer/pg
fcorearrows.code.tex
File: pgfcorearrows.code.tex 2020/01/08 v3.1.5b (3.1.5b)
\pgfarrowsep=\dimen269
)
(c:/Users/Dell/AppData/Roaming/TinyTeX/texmf-dist/tex/generic/pgf/basiclayer/pg
fcoreshade.code.tex
File: pgfcoreshade.code.tex 2020/01/08 v3.1.5b (3.1.5b)
\pgf@max=\dimen270
\pgf@sys@shading@range@num=\count309
\pgf@shadingcount=\count310
)
(c:/Users/Dell/AppData/Roaming/TinyTeX/texmf-dist/tex/generic/pgf/basiclayer/pg
fcoreimage.code.tex
File: pgfcoreimage.code.tex 2020/01/08 v3.1.5b (3.1.5b)

(c:/Users/Dell/AppData/Roaming/TinyTeX/texmf-dist/tex/generic/pgf/basiclayer/pg
fcoreexternal.code.tex
File: pgfcoreexternal.code.tex 2020/01/08 v3.1.5b (3.1.5b)
\pgfexternal@startupbox=\box101
))
(c:/Users/Dell/AppData/Roaming/TinyTeX/texmf-dist/tex/generic/pgf/basiclayer/pg
fcorelayers.code.tex
File: pgfcorelayers.code.tex 2020/01/08 v3.1.5b (3.1.5b)
)
(c:/Users/Dell/AppData/Roaming/TinyTeX/texmf-dist/tex/generic/pgf/basiclayer/pg
fcoretransparency.code.tex
File: pgfcoretransparency.code.tex 2020/01/08 v3.1.5b (3.1.5b)
)
(c:/Users/Dell/AppData/Roaming/TinyTeX/texmf-dist/tex/generic/pgf/basiclayer/pg
fcorepatterns.code.tex
File: pgfcorepatterns.code.tex 2020/01/08 v3.1.5b (3.1.5b)
)
(c:/Users/Dell/AppData/Roaming/TinyTeX/texmf-dist/tex/generic/pgf/basiclayer/pg
fcorerdf.code.tex
File: pgfcorerdf.code.tex 2020/01/08 v3.1.5b (3.1.5b)
)))
(c:/Users/Dell/AppData/Roaming/TinyTeX/texmf-dist/tex/generic/pgf/modules/pgfmo
duleshapes.code.tex
File: pgfmoduleshapes.code.tex 2020/01/08 v3.1.5b (3.1.5b)
\pgfnodeparttextbox=\box102
)
(c:/Users/Dell/AppData/Roaming/TinyTeX/texmf-dist/tex/generic/pgf/modules/pgfmo
duleplot.code.tex
File: pgfmoduleplot.code.tex 2020/01/08 v3.1.5b (3.1.5b)
)
(c:/Users/Dell/AppData/Roaming/TinyTeX/texmf-dist/tex/latex/pgf/compatibility/p
gfcomp-version-0-65.sty
Package: pgfcomp-version-0-65 2020/01/08 v3.1.5b (3.1.5b)
\pgf@nodesepstart=\dimen271
\pgf@nodesepend=\dimen272
)
(c:/Users/Dell/AppData/Roaming/TinyTeX/texmf-dist/tex/latex/pgf/compatibility/p
gfcomp-version-1-18.sty
Package: pgfcomp-version-1-18 2020/01/08 v3.1.5b (3.1.5b)
))
(c:/Users/Dell/AppData/Roaming/TinyTeX/texmf-dist/tex/latex/pgf/utilities/pgffo
r.sty
(c:/Users/Dell/AppData/Roaming/TinyTeX/texmf-dist/tex/latex/pgf/utilities/pgfke
ys.sty
(c:/Users/Dell/AppData/Roaming/TinyTeX/texmf-dist/tex/generic/pgf/utilities/pgf
keys.code.tex))
(c:/Users/Dell/AppData/Roaming/TinyTeX/texmf-dist/tex/latex/pgf/math/pgfmath.st
y
(c:/Users/Dell/AppData/Roaming/TinyTeX/texmf-dist/tex/generic/pgf/math/pgfmath.
code.tex))
(c:/Users/Dell/AppData/Roaming/TinyTeX/texmf-dist/tex/generic/pgf/utilities/pgf
for.code.tex
Package: pgffor 2020/01/08 v3.1.5b (3.1.5b)

(c:/Users/Dell/AppData/Roaming/TinyTeX/texmf-dist/tex/generic/pgf/math/pgfmath.
code.tex)
\pgffor@iter=\dimen273
\pgffor@skip=\dimen274
\pgffor@stack=\toks44
\pgffor@toks=\toks45
))
(c:/Users/Dell/AppData/Roaming/TinyTeX/texmf-dist/tex/generic/pgf/frontendlayer
/tikz/tikz.code.tex
Package: tikz 2020/01/08 v3.1.5b (3.1.5b)

(c:/Users/Dell/AppData/Roaming/TinyTeX/texmf-dist/tex/generic/pgf/libraries/pgf
libraryplothandlers.code.tex
File: pgflibraryplothandlers.code.tex 2020/01/08 v3.1.5b (3.1.5b)
\pgf@plot@mark@count=\count311
\pgfplotmarksize=\dimen275
)
\tikz@lastx=\dimen276
\tikz@lasty=\dimen277
\tikz@lastxsaved=\dimen278
\tikz@lastysaved=\dimen279
\tikz@lastmovetox=\dimen280
\tikz@lastmovetoy=\dimen281
\tikzleveldistance=\dimen282
\tikzsiblingdistance=\dimen283
\tikz@figbox=\box103
\tikz@figbox@bg=\box104
\tikz@tempbox=\box105
\tikz@tempbox@bg=\box106
\tikztreelevel=\count312
\tikznumberofchildren=\count313
\tikznumberofcurrentchild=\count314
\tikz@fig@count=\count315

(c:/Users/Dell/AppData/Roaming/TinyTeX/texmf-dist/tex/generic/pgf/modules/pgfmo
dulematrix.code.tex
File: pgfmodulematrix.code.tex 2020/01/08 v3.1.5b (3.1.5b)
\pgfmatrixcurrentrow=\count316
\pgfmatrixcurrentcolumn=\count317
\pgf@matrix@numberofcolumns=\count318
)
\tikz@expandcount=\count319

(c:/Users/Dell/AppData/Roaming/TinyTeX/texmf-dist/tex/generic/pgf/frontendlayer
/tikz/libraries/tikzlibrarytopaths.code.tex
File: tikzlibrarytopaths.code.tex 2020/01/08 v3.1.5b (3.1.5b)
)))
(c:/Users/Dell/AppData/Roaming/TinyTeX/texmf-dist/tex/generic/pgf/frontendlayer
/tikz/libraries/tikzlibrarysvg.path.code.tex
File: tikzlibrarysvg.path.code.tex 2020/01/08 v3.1.5b (3.1.5b)

(c:/Users/Dell/AppData/Roaming/TinyTeX/texmf-dist/tex/generic/pgf/libraries/pgf
librarysvg.path.code.tex
File: pgflibrarysvg.path.code.tex 2020/01/08 v3.1.5b (3.1.5b)

(c:/Users/Dell/AppData/Roaming/TinyTeX/texmf-dist/tex/generic/pgf/modules/pgfmo
duleparser.code.tex
File: pgfmoduleparser.code.tex 2020/01/08 v3.1.5b (3.1.5b)
\pgfparserdef@arg@count=\count320
)
\pgf@lib@svg@last@x=\dimen284
\pgf@lib@svg@last@y=\dimen285
\pgf@lib@svg@last@c@x=\dimen286
\pgf@lib@svg@last@c@y=\dimen287
\pgf@lib@svg@count=\count321
\pgf@lib@svg@max@num=\count322
))
(c:/Users/Dell/AppData/Roaming/TinyTeX/texmf-dist/tex/generic/pgf/frontendlayer
/tikz/libraries/tikzlibrarybabel.code.tex
File: tikzlibrarybabel.code.tex 2020/01/08 v3.1.5b (3.1.5b)
)
(c:/Users/Dell/AppData/Roaming/TinyTeX/texmf-dist/tex/generic/pgf/frontendlayer
/tikz/libraries/tikzlibrarypositioning.code.tex
File: tikzlibrarypositioning.code.tex 2020/01/08 v3.1.5b (3.1.5b)
)
(c:/Users/Dell/AppData/Roaming/TinyTeX/texmf-dist/tex/generic/pgf/frontendlayer
/tikz/libraries/tikzlibraryshapes.multipart.code.tex
File: tikzlibraryshapes.multipart.code.tex 2020/01/08 v3.1.5b (3.1.5b)

(c:/Users/Dell/AppData/Roaming/TinyTeX/texmf-dist/tex/generic/pgf/libraries/sha
pes/pgflibraryshapes.multipart.code.tex
File: pgflibraryshapes.multipart.code.tex 2020/01/08 v3.1.5b (3.1.5b)
\pgfnodepartlowerbox=\box107
\pgfnodeparttwobox=\box108
\pgfnodepartthreebox=\box109
\pgfnodepartfourbox=\box110
\pgfnodeparttwentybox=\box111
\pgfnodepartnineteenbox=\box112
\pgfnodeparteighteenbox=\box113
\pgfnodepartseventeenbox=\box114
\pgfnodepartsixteenbox=\box115
\pgfnodepartfifteenbox=\box116
\pgfnodepartfourteenbox=\box117
\pgfnodepartthirteenbox=\box118
\pgfnodeparttwelvebox=\box119
\pgfnodepartelevenbox=\box120
\pgfnodeparttenbox=\box121
\pgfnodepartninebox=\box122
\pgfnodeparteightbox=\box123
\pgfnodepartsevenbox=\box124
\pgfnodepartsixbox=\box125
\pgfnodepartfivebox=\box126
))
(c:/Users/Dell/AppData/Roaming/TinyTeX/texmf-dist/tex/generic/pgf/frontendlayer
/tikz/libraries/tikzlibrarycalc.code.tex
File: tikzlibrarycalc.code.tex 2020/01/08 v3.1.5b (3.1.5b)
)
(c:/Users/Dell/AppData/Roaming/TinyTeX/texmf-dist/tex/generic/pgf/libraries/pgf
libraryarrows.meta.code.tex
File: pgflibraryarrows.meta.code.tex 2020/01/08 v3.1.5b (3.1.5b)
\pgfarrowinset=\dimen288
\pgfarrowlength=\dimen289
\pgfarrowwidth=\dimen290
\pgfarrowlinewidth=\dimen291
)
(c:/Users/Dell/AppData/Roaming/TinyTeX/texmf-dist/tex/latex/booktabs/booktabs.s
ty
Package: booktabs 2020/01/12 v1.61803398 Publication quality tables
\heavyrulewidth=\dimen292
\lightrulewidth=\dimen293
\cmidrulewidth=\dimen294
\belowrulesep=\dimen295
\belowbottomsep=\dimen296
\aboverulesep=\dimen297
\abovetopsep=\dimen298
\cmidrulesep=\dimen299
\cmidrulekern=\dimen300
\defaultaddspace=\dimen301
\@cmidla=\count323
\@cmidlb=\count324
\@aboverulesep=\dimen302
\@belowrulesep=\dimen303
\@thisruleclass=\count325
\@lastruleclass=\count326
\@thisrulewidth=\dimen304
)
(c:/Users/Dell/AppData/Roaming/TinyTeX/texmf-dist/tex/latex/tools/longtable.sty
Package: longtable 2020/01/07 v4.13 Multi-page Table package (DPC)
\LTleft=\skip100
\LTright=\skip101
\LTpre=\skip102
\LTpost=\skip103
\LTchunksize=\count327
\LTcapwidth=\dimen305
\LT@head=\box127
\LT@firsthead=\box128
\LT@foot=\box129
\LT@lastfoot=\box130
\LT@cols=\count328
\LT@rows=\count329
\c@LT@tables=\count330
\c@LT@chunks=\count331
\LT@p@ftn=\toks46
)
(c:/Users/Dell/AppData/Roaming/TinyTeX/texmf-dist/tex/latex/multirow/multirow.s
ty
Package: multirow 2019/05/31 v2.5 Span multiple rows of a table
\multirow@colwidth=\skip104
\multirow@cntb=\count332
\multirow@dima=\skip105
\bigstrutjot=\dimen306
)
(c:/Users/Dell/AppData/Roaming/TinyTeX/texmf-dist/tex/latex/wrapfig/wrapfig.sty
\wrapoverhang=\dimen307
\WF@size=\dimen308
\c@WF@wrappedlines=\count333
\WF@box=\box131
\WF@everypar=\toks47
Package: wrapfig 2003/01/31  v 3.6
) (c:/Users/Dell/AppData/Roaming/TinyTeX/texmf-dist/tex/latex/float/float.sty
Package: float 2001/11/08 v1.3d Float enhancements (AL)
\c@float@type=\count334
\float@exts=\toks48
\float@box=\box132
\@float@everytoks=\toks49
\@floatcapt=\box133
)
(c:/Users/Dell/AppData/Roaming/TinyTeX/texmf-dist/tex/latex/colortbl/colortbl.s
ty
Package: colortbl 2020/01/04 v1.0e Color table columns (DPC)
\everycr=\toks50
\minrowclearance=\skip106
)
(c:/Users/Dell/AppData/Roaming/TinyTeX/texmf-dist/tex/latex/pdflscape/pdflscape
.sty
Package: pdflscape 2019/12/05 v0.12 Display of landscape pages in PDF (HO)

(c:/Users/Dell/AppData/Roaming/TinyTeX/texmf-dist/tex/latex/graphics/lscape.sty
Package: lscape 2000/10/22 v3.01 Landscape Pages (DPC)
)
Package pdflscape Info: Auto-detected driver: pdftex on input line 81.
) (c:/Users/Dell/AppData/Roaming/TinyTeX/texmf-dist/tex/latex/tabu/tabu.sty
Package: tabu 2019/01/11 v2.9 - flexible LaTeX tabulars (FC+tabu-fixed)

(c:/Users/Dell/AppData/Roaming/TinyTeX/texmf-dist/tex/latex/varwidth/varwidth.s
ty
Package: varwidth 2009/03/30 ver 0.92;  Variable-width minipages
\@vwid@box=\box134
\sift@deathcycles=\count335
\@vwid@loff=\dimen309
\@vwid@roff=\dimen310
)
\c@taburow=\count336
\tabu@nbcols=\count337
\tabu@cnt=\count338
\tabu@Xcol=\count339
\tabu@alloc=\count340
\tabu@nested=\count341
\tabu@target=\dimen311
\tabu@spreadtarget=\dimen312
\tabu@naturalX=\dimen313
\tabucolX=\dimen314
\tabu@Xsum=\dimen315
\extrarowdepth=\dimen316
\abovetabulinesep=\dimen317
\belowtabulinesep=\dimen318
\tabustrutrule=\dimen319
\tabu@thebody=\toks51
\tabu@footnotes=\toks52
\tabu@box=\box135
\tabu@arstrutbox=\box136
\tabu@hleads=\box137
\tabu@vleads=\box138
\tabu@cellskip=\skip107
)
(c:/Users/Dell/AppData/Roaming/TinyTeX/texmf-dist/tex/latex/threeparttable/thre
eparttable.sty
Package: threeparttable 2003/06/13  v 3.0
\@tempboxb=\box139
)
(c:/Users/Dell/AppData/Roaming/TinyTeX/texmf-dist/tex/latex/threeparttablex/thr
eeparttablex.sty
Package: threeparttablex 2013/07/23 v0.3 by daleif

(c:/Users/Dell/AppData/Roaming/TinyTeX/texmf-dist/tex/latex/environ/environ.sty
Package: environ 2014/05/04 v0.3 A new way to define environments

(c:/Users/Dell/AppData/Roaming/TinyTeX/texmf-dist/tex/latex/trimspaces/trimspac
es.sty
Package: trimspaces 2009/09/17 v1.1 Trim spaces around a token list
))
\TPTL@width=\skip108
) (c:/Users/Dell/AppData/Roaming/TinyTeX/texmf-dist/tex/generic/ulem/ulem.sty
\UL@box=\box140
\UL@hyphenbox=\box141
\UL@skip=\skip109
\UL@hook=\toks53
\UL@height=\dimen320
\UL@pe=\count342
\UL@pixel=\dimen321
\ULC@box=\box142
Package: ulem 2019/11/18
\ULdepth=\dimen322
)
(c:/Users/Dell/AppData/Roaming/TinyTeX/texmf-dist/tex/latex/makecell/makecell.s
ty
Package: makecell 2009/08/03 V0.1e Managing of Tab Column Heads and Cells
\rotheadsize=\dimen323
\c@nlinenum=\count343
\TeXr@lab=\toks54
)
\cslhangindent=\skip110

(c:/Users/Dell/AppData/Roaming/TinyTeX/texmf-dist/tex/latex/l3backend/l3backend
-pdfmode.def
File: l3backend-pdfmode.def 2020-06-29 L3 backend support: PDF mode
\l__kernel_color_stack_int=\count344
\l__pdf_internal_box=\box143
) (./Articulo.aux)
\openout1 = `Articulo.aux'.

LaTeX Font Info:    Checking defaults for OML/cmm/m/it on input line 131.
LaTeX Font Info:    ... okay on input line 131.
LaTeX Font Info:    Checking defaults for OMS/cmsy/m/n on input line 131.
LaTeX Font Info:    ... okay on input line 131.
LaTeX Font Info:    Checking defaults for OT1/cmr/m/n on input line 131.
LaTeX Font Info:    ... okay on input line 131.
LaTeX Font Info:    Checking defaults for T1/cmr/m/n on input line 131.
LaTeX Font Info:    ... okay on input line 131.
LaTeX Font Info:    Checking defaults for TS1/cmr/m/n on input line 131.
LaTeX Font Info:    ... okay on input line 131.
LaTeX Font Info:    Checking defaults for OMX/cmex/m/n on input line 131.
LaTeX Font Info:    ... okay on input line 131.
LaTeX Font Info:    Checking defaults for U/cmr/m/n on input line 131.
LaTeX Font Info:    ... okay on input line 131.
LaTeX Font Info:    Checking defaults for PD1/pdf/m/n on input line 131.
LaTeX Font Info:    ... okay on input line 131.
LaTeX Font Info:    Checking defaults for PU/pdf/m/n on input line 131.
LaTeX Font Info:    ... okay on input line 131.

(c:/Users/Dell/AppData/Roaming/TinyTeX/texmf-dist/tex/latex/epstopdf-pkg/epstop
df-base.sty
Package: epstopdf-base 2020-01-24 v2.11 Base part for package epstopdf
Package epstopdf-base Info: Redefining graphics rule for `.eps' on input line 4
85.

(c:/Users/Dell/AppData/Roaming/TinyTeX/texmf-dist/tex/latex/latexconfig/epstopd
f-sys.cfg
File: epstopdf-sys.cfg 2010/07/13 v1.3 Configuration of (r)epstopdf for TeX Liv
e
))
Package caption Info: Begin \AtBeginDocument code.
Package caption Info: End \AtBeginDocument code.
\AtBeginShipoutBox=\box144
Package hyperref Info: Link coloring ON on input line 131.

(c:/Users/Dell/AppData/Roaming/TinyTeX/texmf-dist/tex/latex/hyperref/nameref.st
y
Package: nameref 2019/09/16 v2.46 Cross-referencing by name of section

(c:/Users/Dell/AppData/Roaming/TinyTeX/texmf-dist/tex/latex/refcount/refcount.s
ty
Package: refcount 2019/12/15 v3.6 Data extraction from label references (HO)
)
(c:/Users/Dell/AppData/Roaming/TinyTeX/texmf-dist/tex/generic/gettitlestring/ge
ttitlestring.sty
Package: gettitlestring 2019/12/15 v1.6 Cleanup title references (HO)
)
\c@section@level=\count345
)
LaTeX Info: Redefining \ref on input line 131.
LaTeX Info: Redefining \pageref on input line 131.
LaTeX Info: Redefining \nameref on input line 131.
(./Articulo.out) (./Articulo.out)
\@outlinefile=\write4
\openout4 = `Articulo.out'.

Package hyperref Info: *** compatibility with harvard ****  on input line 131.
ABD: EveryShipout initializing macros
LaTeX Font Info:    Trying to load font information for OT1+lmr on input line 1
37.
(c:/Users/Dell/AppData/Roaming/TinyTeX/texmf-dist/tex/latex/lm/ot1lmr.fd
File: ot1lmr.fd 2009/10/30 v1.6 Font defs for Latin Modern
)
LaTeX Font Info:    Trying to load font information for OML+lmm on input line 1
37.
(c:/Users/Dell/AppData/Roaming/TinyTeX/texmf-dist/tex/latex/lm/omllmm.fd
File: omllmm.fd 2009/10/30 v1.6 Font defs for Latin Modern
)
LaTeX Font Info:    Trying to load font information for OMS+lmsy on input line 
137.
(c:/Users/Dell/AppData/Roaming/TinyTeX/texmf-dist/tex/latex/lm/omslmsy.fd
File: omslmsy.fd 2009/10/30 v1.6 Font defs for Latin Modern
)
LaTeX Font Info:    Trying to load font information for OMX+lmex on input line 
137.
(c:/Users/Dell/AppData/Roaming/TinyTeX/texmf-dist/tex/latex/lm/omxlmex.fd
File: omxlmex.fd 2009/10/30 v1.6 Font defs for Latin Modern
)
LaTeX Font Info:    External font `lmex10' loaded for size
(Font)              <9> on input line 137.
LaTeX Font Info:    External font `lmex10' loaded for size
(Font)              <6> on input line 137.
LaTeX Font Info:    External font `lmex10' loaded for size
(Font)              <5> on input line 137.
LaTeX Font Info:    Trying to load font information for U+msa on input line 137
.
(c:/Users/Dell/AppData/Roaming/TinyTeX/texmf-dist/tex/latex/amsfonts/umsa.fd
File: umsa.fd 2013/01/14 v3.01 AMS symbols A
)
LaTeX Font Info:    Trying to load font information for U+msb on input line 137
.
(c:/Users/Dell/AppData/Roaming/TinyTeX/texmf-dist/tex/latex/amsfonts/umsb.fd
File: umsb.fd 2013/01/14 v3.01 AMS symbols B
)
LaTeX Font Info:    Trying to load font information for U+lasy on input line 13
7.
(c:/Users/Dell/AppData/Roaming/TinyTeX/texmf-dist/tex/latex/base/ulasy.fd
File: ulasy.fd 1998/08/17 v2.2e LaTeX symbol font definitions
)
LaTeX Font Info:    External font `lmex10' loaded for size
(Font)              <10> on input line 145.
LaTeX Font Info:    External font `lmex10' loaded for size
(Font)              <7> on input line 145.
LaTeX Font Info:    External font `lmex10' loaded for size
(Font)              <8> on input line 145.
[1

{c:/Users/Dell/AppData/Roaming/TinyTeX/texmf-var/fonts/map/pdftex/updmap/pdftex
.map}] [2] [3]
LaTeX Font Info:    Trying to load font information for T1+lmtt on input line 3
27.
(c:/Users/Dell/AppData/Roaming/TinyTeX/texmf-dist/tex/latex/lm/t1lmtt.fd
File: t1lmtt.fd 2009/10/30 v1.6 Font defs for Latin Modern
) [4]

LaTeX Warning: `!h' float specifier changed to `!ht'.

[5]
Overfull \hbox (8.16185pt too wide) in paragraph at lines 527--527
 []\T1/lmr/m/n/9 kurtosis|
 []


Overfull \hbox (8.16185pt too wide) in paragraph at lines 527--527
 []\T1/lmr/m/n/9 kurtosis|
 []


Overfull \hbox (8.16185pt too wide) in paragraph at lines 527--527
 []\T1/lmr/m/n/9 kurtosis|
 []


Overfull \hbox (8.16185pt too wide) in paragraph at lines 527--527
 []\T1/lmr/m/n/9 kurtosis|
 []


Overfull \hbox (8.16185pt too wide) in paragraph at lines 527--527
 []\T1/lmr/m/n/9 kurtosis|
 []


Underfull \vbox (badness 10000) has occurred while \output is active []

[6pdfTeX warning (ext4): destination with the same identifier (name{figure.1}) 
has been already used, duplicate ignored

\AtBegShi@Output ...ipout \box \AtBeginShipoutBox 
                                                  \fi \fi 
l.544 \subsubsection{Estadístico chi-cuadrado}
                                               pdfTeX warning (ext4): destinati
on with the same identifier (name{table.1}) has been already used, duplicate ig
nored

\AtBegShi@Output ...ipout \box \AtBeginShipoutBox 
                                                  \fi \fi 
l.544 \subsubsection{Estadístico chi-cuadrado}
                                               ] [7]
Underfull \vbox (badness 10000) has occurred while \output is active []

[8] [9] [10]
Package atveryend Info: Empty hook `BeforeClearDocument' on input line 754.
Package atveryend Info: Empty hook `AfterLastShipout' on input line 754.
(./Articulo.aux)
Package atveryend Info: Executing hook `AtVeryEndDocument' on input line 754.
Package atveryend Info: Executing hook `AtEndAfterFileList' on input line 754.
Package rerunfilecheck Info: File `Articulo.out' has not changed.
(rerunfilecheck)             Checksum: FED3817580CA8727EE50621132962E10;3145.
 ) 
Here is how much of TeX's memory you used:
 26126 strings out of 482378
 476918 string characters out of 5944356
 756869 words of memory out of 5000000
 41291 multiletter control sequences out of 15000+600000
 612470 words of font info for 80 fonts, out of 8000000 for 9000
 14 hyphenation exceptions out of 8191
 60i,16n,71p,1197b,812s stack positions out of 5000i,500n,10000p,200000b,80000s
{c:/Users/Dell/AppData/Roaming/TinyTeX/texmf-dist/fonts/enc/dvips/lm/lm-ec.en
c}{c:/Users/Dell/AppData/Roaming/TinyTeX/texmf-dist/fonts/enc/dvips/lm/lm-rm.en
c}{c:/Users/Dell/AppData/Roaming/TinyTeX/texmf-dist/fonts/enc/dvips/lm/lm-maths
y.enc}{c:/Users/Dell/AppData/Roaming/TinyTeX/texmf-dist/fonts/enc/dvips/lm/lm-m
athex.enc}{c:/Users/Dell/AppData/Roaming/TinyTeX/texmf-dist/fonts/enc/dvips/lm/
lm-mathit.enc}<c:/Users/Dell/AppData/Roaming/TinyTeX/texmf-dist/fonts/type1/pub
lic/lm/lmbx10.pfb><c:/Users/Dell/AppData/Roaming/TinyTeX/texmf-dist/fonts/type1
/public/lm/lmbx12.pfb><c:/Users/Dell/AppData/Roaming/TinyTeX/texmf-dist/fonts/t
ype1/public/lm/lmbx9.pfb><c:/Users/Dell/AppData/Roaming/TinyTeX/texmf-dist/font
s/type1/public/lm/lmbxi10.pfb><c:/Users/Dell/AppData/Roaming/TinyTeX/texmf-dist
/fonts/type1/public/lm/lmcsc10.pfb><c:/Users/Dell/AppData/Roaming/TinyTeX/texmf
-dist/fonts/type1/public/lm/lmex10.pfb><c:/Users/Dell/AppData/Roaming/TinyTeX/t
exmf-dist/fonts/type1/public/lm/lmmi10.pfb><c:/Users/Dell/AppData/Roaming/TinyT
eX/texmf-dist/fonts/type1/public/lm/lmmi7.pfb><c:/Users/Dell/AppData/Roaming/Ti
nyTeX/texmf-dist/fonts/type1/public/lm/lmr10.pfb><c:/Users/Dell/AppData/Roaming
/TinyTeX/texmf-dist/fonts/type1/public/lm/lmr5.pfb><c:/Users/Dell/AppData/Roami
ng/TinyTeX/texmf-dist/fonts/type1/public/lm/lmr6.pfb><c:/Users/Dell/AppData/Roa
ming/TinyTeX/texmf-dist/fonts/type1/public/lm/lmr7.pfb><c:/Users/Dell/AppData/R
oaming/TinyTeX/texmf-dist/fonts/type1/public/lm/lmr8.pfb><c:/Users/Dell/AppData
/Roaming/TinyTeX/texmf-dist/fonts/type1/public/lm/lmr9.pfb><c:/Users/Dell/AppDa
ta/Roaming/TinyTeX/texmf-dist/fonts/type1/public/lm/lmri10.pfb><c:/Users/Dell/A
ppData/Roaming/TinyTeX/texmf-dist/fonts/type1/public/lm/lmri9.pfb><c:/Users/Del
l/AppData/Roaming/TinyTeX/texmf-dist/fonts/type1/public/lm/lmsy10.pfb><c:/Users
/Dell/AppData/Roaming/TinyTeX/texmf-dist/fonts/type1/public/lm/lmsy7.pfb><c:/Us
ers/Dell/AppData/Roaming/TinyTeX/texmf-dist/fonts/type1/public/lm/lmtt10.pfb>
Output written on Articulo.pdf (10 pages, 393462 bytes).
PDF statistics:
 355 PDF objects out of 1000 (max. 8388607)
 320 compressed objects within 4 object streams
 64 named destinations out of 1000 (max. 500000)
 197 words of extra memory for PDF output out of 10000 (max. 10000000)

